<?xml version="1.0" encoding="UTF-8"?>
<testng-results ignored="0" total="1" passed="1" failed="0" skipped="0">
  <reporter-output>
  </reporter-output>
  <suite started-at="2022-07-06T13:30:16 IST" name="Default suite" finished-at="2022-07-06T13:30:49 IST" duration-ms="32197">
    <groups>
    </groups>
    <test started-at="2022-07-06T13:30:16 IST" name="Default test" finished-at="2022-07-06T13:30:49 IST" duration-ms="32197">
      <class name="AmazonTestClasses.AmazonLoginTestClass">
        <test-method is-config="true" signature="openChromeBrowser()[pri:0, instance:AmazonTestClasses.AmazonLoginTestClass@37d4349f]" started-at="2022-07-06T13:30:17 IST" name="openChromeBrowser" finished-at="2022-07-06T13:30:31 IST" duration-ms="14638" status="PASS">
          <reporter-output>
          </reporter-output>
        </test-method> <!-- openChromeBrowser -->
        <test-method signature="performLogin()[pri:0, instance:AmazonTestClasses.AmazonLoginTestClass@37d4349f]" started-at="2022-07-06T13:30:31 IST" name="performLogin" finished-at="2022-07-06T13:30:49 IST" duration-ms="17498" status="PASS">
          <reporter-output>
          </reporter-output>
        </test-method> <!-- performLogin -->
      </class> <!-- AmazonTestClasses.AmazonLoginTestClass -->
    </test> <!-- Default test -->
  </suite> <!-- Default suite -->
</testng-results>
